#
# There is insufficient memory for the Java Runtime Environment to continue.
# Native memory allocation (malloc) failed to allocate 1869456 bytes for Chunk::new
# Possible reasons:
#   The system is out of physical RAM or swap space
#   The process is running with CompressedOops enabled, and the Java Heap may be blocking the growth of the native heap
# Possible solutions:
#   Reduce memory load on the system
#   Increase physical memory or swap space
#   Check if swap backing store is full
#   Decrease Java heap size (-Xmx/-Xms)
#   Decrease number of Java threads
#   Decrease Java thread stack sizes (-Xss)
#   Set larger code cache with -XX:ReservedCodeCacheSize=
#   JVM is running with Unscaled Compressed Oops mode in which the Java heap is
#     placed in the first 4GB address space. The Java Heap base address is the
#     maximum limit for the native heap growth. Please use -XX:HeapBaseMinAddress
#     to set the Java Heap base and to place the Java Heap above 4GB virtual address.
# This output file may be truncated or incomplete.
#
#  Out of Memory Error (allocation.cpp:389), pid=25832, tid=0x00000000000036b0
#
# JRE version: OpenJDK Runtime Environment (8.0_242-b01) (build 1.8.0_242-release-1644-b01)
# Java VM: OpenJDK 64-Bit Server VM (25.242-b01 mixed mode windows-amd64 compressed oops)
# Failed to write core dump. Minidumps are not enabled by default on client versions of Windows
#

---------------  T H R E A D  ---------------

Current thread (0x0000000018d25000):  JavaThread "C2 CompilerThread1" daemon [_thread_in_native, id=14000, stack(0x0000000019410000,0x0000000019510000)]

Stack: [0x0000000019410000,0x0000000019510000]
[error occurred during error reporting (printing stack bounds), id 0xc0000005]

Native frames: (J=compiled Java code, j=interpreted, Vv=VM code, C=native code)


Current CompileTask:
C2:  18241 6056       4       java.net.URLClassLoader$1::run (5 bytes)


---------------  P R O C E S S  ---------------

Java Threads: ( => current thread )
  0x000000001a7cf800 JavaThread "Execution worker for ':' Thread 3" [_thread_in_Java, id=30520, stack(0x0000000024d30000,0x0000000024e30000)]
  0x000000001a7cf000 JavaThread "Execution worker for ':' Thread 2" [_thread_in_native, id=23228, stack(0x0000000024c30000,0x0000000024d30000)]
  0x000000001a7cd800 JavaThread "Execution worker for ':'" [_thread_in_native, id=31532, stack(0x0000000024b30000,0x0000000024c30000)]
  0x000000001a7ce000 JavaThread "Cache worker for file content cache (D:\EcoSteptest\.gradle\6.1.1\fileContent)" [_thread_blocked, id=15432, stack(0x0000000024370000,0x0000000024470000)]
  0x000000001a7cc800 JavaThread "Cache worker for file content cache (C:\Users\Ace\.gradle\caches\6.1.1\fileContent)" [_thread_blocked, id=23652, stack(0x0000000024270000,0x0000000024370000)]
  0x000000001a7d2000 JavaThread "Memory manager" [_thread_blocked, id=12920, stack(0x0000000024170000,0x0000000024270000)]
  0x000000001a7c6800 JavaThread "Cache worker for Build Output Cleanup Cache (D:\EcoSteptest\.gradle\buildOutputCleanup)" [_thread_blocked, id=27052, stack(0x0000000023870000,0x0000000023970000)]
  0x000000001a7cc000 JavaThread "pool-1-thread-1" [_thread_blocked, id=5360, stack(0x0000000023570000,0x0000000023670000)]
  0x000000001a7cb000 JavaThread "Build operations Thread 4" [_thread_blocked, id=25676, stack(0x0000000021fc0000,0x00000000220c0000)]
  0x000000001a7c6000 JavaThread "Build operations Thread 3" [_thread_blocked, id=20068, stack(0x0000000021ec0000,0x0000000021fc0000)]
  0x000000001a7c9000 JavaThread "Build operations Thread 2" [_thread_blocked, id=16232, stack(0x0000000020df0000,0x0000000020ef0000)]
  0x000000001a7c7800 JavaThread "Build operations" [_thread_blocked, id=31548, stack(0x000000001fcb0000,0x000000001fdb0000)]
  0x0000000018d26000 JavaThread "Cache worker for execution history cache (C:\Users\Ace\.gradle\caches\6.1.1\executionHistory)" [_thread_blocked, id=29600, stack(0x000000001fbb0000,0x000000001fcb0000)]
  0x0000000018d24800 JavaThread "Cache worker for cache directory md-rule (C:\Users\Ace\.gradle\caches\6.1.1\md-rule)" [_thread_blocked, id=5024, stack(0x000000001fab0000,0x000000001fbb0000)]
  0x0000000018d23800 JavaThread "Cache worker for cache directory md-supplier (C:\Users\Ace\.gradle\caches\6.1.1\md-supplier)" [_thread_blocked, id=29332, stack(0x000000001f9b0000,0x000000001fab0000)]
  0x0000000018d29000 JavaThread "Cache worker for file hash cache (D:\EcoSteptest\.gradle\6.1.1\fileHashes)" [_thread_blocked, id=17968, stack(0x0000000020fc0000,0x00000000210c0000)]
  0x0000000018d23000 JavaThread "Cache worker for checksums cache (D:\EcoSteptest\.gradle\checksums)" [_thread_blocked, id=29360, stack(0x000000001f8b0000,0x000000001f9b0000)]
  0x0000000018d27800 JavaThread "Cache worker for file hash cache (C:\Users\Ace\.gradle\caches\6.1.1\fileHashes)" [_thread_blocked, id=29812, stack(0x000000001d290000,0x000000001d390000)]
  0x0000000018d28000 JavaThread "File lock request listener" [_thread_in_native, id=20784, stack(0x000000001d190000,0x000000001d290000)]
  0x000000001b55d000 JavaThread "Cache worker for journal cache (C:\Users\Ace\.gradle\caches\journal-1)" [_thread_blocked, id=1416, stack(0x000000001d090000,0x000000001d190000)]
  0x000000001b318800 JavaThread "Thread-9" [_thread_blocked, id=21840, stack(0x000000001cd90000,0x000000001ce90000)]
  0x000000001b2f7800 JavaThread "Stdin handler" [_thread_blocked, id=31508, stack(0x000000001cc90000,0x000000001cd90000)]
  0x000000001b2f5000 JavaThread "Asynchronous log dispatcher for DefaultDaemonConnection: socket connection from /127.0.0.1:50162 to /127.0.0.1:50163" [_thread_blocked, id=28164, stack(0x000000001cb90000,0x000000001cc90000)]
  0x000000001b300800 JavaThread "Daemon worker" [_thread_in_native, id=29464, stack(0x000000001ca90000,0x000000001cb90000)]
  0x000000001b2fb000 JavaThread "Cancel handler" [_thread_blocked, id=23600, stack(0x000000001c990000,0x000000001ca90000)]
  0x000000001b2a8000 JavaThread "Handler for socket connection from /127.0.0.1:50162 to /127.0.0.1:50163" [_thread_in_native, id=24008, stack(0x000000001c890000,0x000000001c990000)]
  0x000000001b220800 JavaThread "Daemon" [_thread_blocked, id=21204, stack(0x000000001c590000,0x000000001c690000)]
  0x000000001b21f800 JavaThread "Daemon periodic checks" [_thread_blocked, id=25656, stack(0x000000001c490000,0x000000001c590000)]
  0x000000001b21e000 JavaThread "Incoming local TCP Connector on port 50162" [_thread_in_native, id=25812, stack(0x000000001c2b0000,0x000000001c3b0000)]
  0x000000001ae8d800 JavaThread "Daemon health stats" [_thread_blocked, id=24212, stack(0x000000001c1b0000,0x000000001c2b0000)]
  0x0000000018da7000 JavaThread "Service Thread" daemon [_thread_blocked, id=29244, stack(0x0000000019610000,0x0000000019710000)]
  0x0000000018d26800 JavaThread "C1 CompilerThread2" daemon [_thread_blocked, id=16408, stack(0x0000000019510000,0x0000000019610000)]
=>0x0000000018d25000 JavaThread "C2 CompilerThread1" daemon [_thread_in_native, id=14000, stack(0x0000000019410000,0x0000000019510000)]
  0x00000000179cd800 JavaThread "C2 CompilerThread0" daemon [_thread_in_native, id=31620, stack(0x0000000019310000,0x0000000019410000)]
  0x00000000179cc800 JavaThread "Attach Listener" daemon [_thread_blocked, id=25136, stack(0x0000000019210000,0x0000000019310000)]
  0x0000000017a1e800 JavaThread "Signal Dispatcher" daemon [_thread_blocked, id=26684, stack(0x0000000019110000,0x0000000019210000)]
  0x0000000002d94800 JavaThread "Finalizer" daemon [_thread_blocked, id=28276, stack(0x0000000018c10000,0x0000000018d10000)]
  0x00000000179a9000 JavaThread "Reference Handler" daemon [_thread_blocked, id=23936, stack(0x0000000018b10000,0x0000000018c10000)]
  0x0000000002b9e000 JavaThread "main" [_thread_blocked, id=14100, stack(0x0000000002ba0000,0x0000000002ca0000)]

Other Threads:
  0x0000000017986000 VMThread [stack: 0x0000000018a10000,0x0000000018b10000] [id=8940]
  0x0000000018db9800 WatcherThread [stack: 0x0000000019710000,0x0000000019810000] [id=30944]

VM state:not at safepoint (normal execution)

VM Mutex/Monitor currently owned by a thread: None

heap address: 0x0000000080000000, size: 2048 MB, Compressed Oops mode: 32-bit
Narrow klass base: 0x0000000000000000, Narrow klass shift: 3
Compressed class space size: 1073741824 Address: 0x0000000100000000

Heap:
 PSYoungGen      total 125952K, used 59252K [0x00000000d5580000, 0x00000000deb00000, 0x0000000100000000)
  eden space 117760K, 50% used [0x00000000d5580000,0x00000000d8f5d3a0,0x00000000dc880000)
  from space 8192K, 0% used [0x00000000de300000,0x00000000de300000,0x00000000deb00000)
  to   space 13312K, 0% used [0x00000000dd100000,0x00000000dd100000,0x00000000dde00000)
 ParOldGen       total 54272K, used 30421K [0x0000000080000000, 0x0000000083500000, 0x00000000d5580000)
  object space 54272K, 56% used [0x0000000080000000,0x0000000081db54e8,0x0000000083500000)
 Metaspace       used 59906K, capacity 62464K, committed 62632K, reserved 1103872K
  class space    used 8300K, capacity 8839K, committed 8880K, reserved 1048576K

Card table byte_map: [0x0000000012160000,0x0000000012570000] byte_map_base: 0x0000000011d60000

Marking Bits: (ParMarkBitMap*) 0x000000006419f030
 Begin Bits: [0x0000000012c20000, 0x0000000014c20000)
 End Bits:   [0x0000000014c20000, 0x0000000016c20000)

Polling page: 0x0000000000ee0000

CodeCache: size=245760Kb used=18016Kb max_used=18016Kb free=227743Kb
 bounds [0x0000000002da0000, 0x0000000003f50000, 0x0000000011da0000]
 total_blobs=6364 nmethods=5580 adapters=696
 compilation: enabled

Compilation events (10 events):
Event: 18.228 Thread 0x0000000018d26800 nmethod 6240 0x0000000003f39850 code [0x0000000003f399c0, 0x0000000003f39bc8]
Event: 18.228 Thread 0x0000000018d26800 6241       3       sun.nio.fs.WindowsPath::resolve (393 bytes)
Event: 18.231 Thread 0x0000000018d26800 nmethod 6241 0x0000000003f39c50 code [0x0000000003f3a240, 0x0000000003f3e6e8]
Event: 18.231 Thread 0x0000000018d26800 6242       1       org.gradle.internal.logging.events.ProgressStartEvent::getBuildOperationId (5 bytes)
Event: 18.231 Thread 0x0000000018d26800 nmethod 6242 0x0000000003f406d0 code [0x0000000003f40820, 0x0000000003f40930]
Event: 18.232 Thread 0x0000000018d26800 6243       1       org.gradle.internal.serialize.Serializers$StatefulSerializerAdapter::access$000 (5 bytes)
Event: 18.232 Thread 0x0000000018d26800 nmethod 6243 0x0000000003f40990 code [0x0000000003f40ae0, 0x0000000003f40bd0]
Event: 18.233 Thread 0x0000000018d26800 6244       3       java.util.concurrent.locks.AbstractQueuedSynchronizer::shouldParkAfterFailedAcquire (50 bytes)
Event: 18.233 Thread 0x0000000018d26800 nmethod 6244 0x0000000003f40c50 code [0x0000000003f40dc0, 0x0000000003f410f0]
Event: 18.236 Thread 0x0000000018d26800 6245   !   3       com.google.common.cache.LocalCache$Segment::lockedGetOrLoad (447 bytes)

GC Heap History (10 events):
Event: 8.211 GC heap before
{Heap before GC invocations=9 (full 2):
 PSYoungGen      total 131072K, used 11621K [0x00000000d5580000, 0x00000000deb00000, 0x0000000100000000)
  eden space 117760K, 0% used [0x00000000d5580000,0x00000000d5580000,0x00000000dc880000)
  from space 13312K, 87% used [0x00000000dd100000,0x00000000ddc59480,0x00000000dde00000)
  to   space 8192K, 0% used [0x00000000de300000,0x00000000de300000,0x00000000deb00000)
 ParOldGen       total 54272K, used 7253K [0x0000000080000000, 0x0000000083500000, 0x00000000d5580000)
  object space 54272K, 13% used [0x0000000080000000,0x00000000807157a0,0x0000000083500000)
 Metaspace       used 34553K, capacity 35442K, committed 35496K, reserved 1079296K
  class space    used 4741K, capacity 5006K, committed 5040K, reserved 1048576K
Event: 8.323 GC heap after
Heap after GC invocations=9 (full 2):
 PSYoungGen      total 131072K, used 0K [0x00000000d5580000, 0x00000000deb00000, 0x0000000100000000)
  eden space 117760K, 0% used [0x00000000d5580000,0x00000000d5580000,0x00000000dc880000)
  from space 13312K, 0% used [0x00000000dd100000,0x00000000dd100000,0x00000000dde00000)
  to   space 8192K, 0% used [0x00000000de300000,0x00000000de300000,0x00000000deb00000)
 ParOldGen       total 54272K, used 18216K [0x0000000080000000, 0x0000000083500000, 0x00000000d5580000)
  object space 54272K, 33% used [0x0000000080000000,0x00000000811ca338,0x0000000083500000)
 Metaspace       used 34553K, capacity 35442K, committed 35496K, reserved 1079296K
  class space    used 4741K, capacity 5006K, committed 5040K, reserved 1048576K
}
Event: 14.266 GC heap before
{Heap before GC invocations=10 (full 2):
 PSYoungGen      total 131072K, used 117760K [0x00000000d5580000, 0x00000000deb00000, 0x0000000100000000)
  eden space 117760K, 100% used [0x00000000d5580000,0x00000000dc880000,0x00000000dc880000)
  from space 13312K, 0% used [0x00000000dd100000,0x00000000dd100000,0x00000000dde00000)
  to   space 8192K, 0% used [0x00000000de300000,0x00000000de300000,0x00000000deb00000)
 ParOldGen       total 54272K, used 18216K [0x0000000080000000, 0x0000000083500000, 0x00000000d5580000)
  object space 54272K, 33% used [0x0000000080000000,0x00000000811ca338,0x0000000083500000)
 Metaspace       used 44491K, capacity 45976K, committed 46120K, reserved 1089536K
  class space    used 6022K, capacity 6388K, committed 6448K, reserved 1048576K
Event: 14.288 GC heap after
Heap after GC invocations=10 (full 2):
 PSYoungGen      total 125952K, used 8189K [0x00000000d5580000, 0x00000000deb00000, 0x0000000100000000)
  eden space 117760K, 0% used [0x00000000d5580000,0x00000000d5580000,0x00000000dc880000)
  from space 8192K, 99% used [0x00000000de300000,0x00000000deaff7f0,0x00000000deb00000)
  to   space 13312K, 0% used [0x00000000dd100000,0x00000000dd100000,0x00000000dde00000)
 ParOldGen       total 54272K, used 25545K [0x0000000080000000, 0x0000000083500000, 0x00000000d5580000)
  object space 54272K, 47% used [0x0000000080000000,0x00000000818f26b8,0x0000000083500000)
 Metaspace       used 44491K, capacity 45976K, committed 46120K, reserved 1089536K
  class space    used 6022K, capacity 6388K, committed 6448K, reserved 1048576K
}
Event: 16.322 GC heap before
{Heap before GC invocations=11 (full 2):
 PSYoungGen      total 125952K, used 125949K [0x00000000d5580000, 0x00000000deb00000, 0x0000000100000000)
  eden space 117760K, 100% used [0x00000000d5580000,0x00000000dc880000,0x00000000dc880000)
  from space 8192K, 99% used [0x00000000de300000,0x00000000deaff7f0,0x00000000deb00000)
  to   space 13312K, 0% used [0x00000000dd100000,0x00000000dd100000,0x00000000dde00000)
 ParOldGen       total 54272K, used 25545K [0x0000000080000000, 0x0000000083500000, 0x00000000d5580000)
  object space 54272K, 47% used [0x0000000080000000,0x00000000818f26b8,0x0000000083500000)
 Metaspace       used 54469K, capacity 56456K, committed 56616K, reserved 1097728K
  class space    used 7422K, capacity 7877K, committed 7984K, reserved 1048576K
Event: 16.345 GC heap after
Heap after GC invocations=11 (full 2):
 PSYoungGen      total 131072K, used 13303K [0x00000000d5580000, 0x00000000deb00000, 0x0000000100000000)
  eden space 117760K, 0% used [0x00000000d5580000,0x00000000d5580000,0x00000000dc880000)
  from space 13312K, 99% used [0x00000000dd100000,0x00000000dddfdf70,0x00000000dde00000)
  to   space 8192K, 0% used [0x00000000de300000,0x00000000de300000,0x00000000deb00000)
 ParOldGen       total 54272K, used 34520K [0x0000000080000000, 0x0000000083500000, 0x00000000d5580000)
  object space 54272K, 63% used [0x0000000080000000,0x00000000821b63c0,0x0000000083500000)
 Metaspace       used 54469K, capacity 56456K, committed 56616K, reserved 1097728K
  class space    used 7422K, capacity 7877K, committed 7984K, reserved 1048576K
}
Event: 16.857 GC heap before
{Heap before GC invocations=12 (full 2):
 PSYoungGen      total 131072K, used 46501K [0x00000000d5580000, 0x00000000deb00000, 0x0000000100000000)
  eden space 117760K, 28% used [0x00000000d5580000,0x00000000d75eb590,0x00000000dc880000)
  from space 13312K, 99% used [0x00000000dd100000,0x00000000dddfdf70,0x00000000dde00000)
  to   space 8192K, 0% used [0x00000000de300000,0x00000000de300000,0x00000000deb00000)
 ParOldGen       total 54272K, used 34520K [0x0000000080000000, 0x0000000083500000, 0x00000000d5580000)
  object space 54272K, 63% used [0x0000000080000000,0x00000000821b63c0,0x0000000083500000)
 Metaspace       used 56972K, capacity 59038K, committed 59160K, reserved 1099776K
  class space    used 7824K, capacity 8286K, committed 8368K, reserved 1048576K
Event: 16.880 GC heap after
Heap after GC invocations=12 (full 2):
 PSYoungGen      total 125952K, used 8168K [0x00000000d5580000, 0x00000000deb00000, 0x0000000100000000)
  eden space 117760K, 0% used [0x00000000d5580000,0x00000000d5580000,0x00000000dc880000)
  from space 8192K, 99% used [0x00000000de300000,0x00000000deafa020,0x00000000deb00000)
  to   space 13312K, 0% used [0x00000000dd100000,0x00000000dd100000,0x00000000dde00000)
 ParOldGen       total 54272K, used 42828K [0x0000000080000000, 0x0000000083500000, 0x00000000d5580000)
  object space 54272K, 78% used [0x0000000080000000,0x00000000829d3148,0x0000000083500000)
 Metaspace       used 56972K, capacity 59038K, committed 59160K, reserved 1099776K
  class space    used 7824K, capacity 8286K, committed 8368K, reserved 1048576K
}
Event: 16.880 GC heap before
{Heap before GC invocations=13 (full 3):
 PSYoungGen      total 125952K, used 8168K [0x00000000d5580000, 0x00000000deb00000, 0x0000000100000000)
  eden space 117760K, 0% used [0x00000000d5580000,0x00000000d5580000,0x00000000dc880000)
  from space 8192K, 99% used [0x00000000de300000,0x00000000deafa020,0x00000000deb00000)
  to   space 13312K, 0% used [0x00000000dd100000,0x00000000dd100000,0x00000000dde00000)
 ParOldGen       total 54272K, used 42828K [0x0000000080000000, 0x0000000083500000, 0x00000000d5580000)
  object space 54272K, 78% used [0x0000000080000000,0x00000000829d3148,0x0000000083500000)
 Metaspace       used 56972K, capacity 59038K, committed 59160K, reserved 1099776K
  class space    used 7824K, capacity 8286K, committed 8368K, reserved 1048576K
Event: 17.123 GC heap after
Heap after GC invocations=13 (full 3):
 PSYoungGen      total 125952K, used 0K [0x00000000d5580000, 0x00000000deb00000, 0x0000000100000000)
  eden space 117760K, 0% used [0x00000000d5580000,0x00000000d5580000,0x00000000dc880000)
  from space 8192K, 0% used [0x00000000de300000,0x00000000de300000,0x00000000deb00000)
  to   space 13312K, 0% used [0x00000000dd100000,0x00000000dd100000,0x00000000dde00000)
 ParOldGen       total 54272K, used 30421K [0x0000000080000000, 0x0000000083500000, 0x00000000d5580000)
  object space 54272K, 56% used [0x0000000080000000,0x0000000081db54e8,0x0000000083500000)
 Metaspace       used 56961K, capacity 59002K, committed 59160K, reserved 1099776K
  class space    used 7821K, capacity 8280K, committed 8368K, reserved 1048576K
}

Deoptimization events (10 events):
Event: 17.950 Thread 0x000000001a7cf000 Uncommon trap: reason=unstable_if action=reinterpret pc=0x00000000037ec6e8 method=org.gradle.internal.service.DefaultServiceRegistry$SingletonService.prepare()Lorg/gradle/internal/service/Service; @ 68
Event: 17.960 Thread 0x000000001a7cf800 Uncommon trap: reason=bimorphic action=maybe_recompile pc=0x00000000038f3efc method=java.util.Arrays.binarySearch0([Ljava/lang/Object;IILjava/lang/Object;Ljava/util/Comparator;)I @ 48
Event: 17.960 Thread 0x000000001a7cf800 Uncommon trap: reason=bimorphic action=maybe_recompile pc=0x00000000038f3efc method=java.util.Arrays.binarySearch0([Ljava/lang/Object;IILjava/lang/Object;Ljava/util/Comparator;)I @ 48
Event: 17.969 Thread 0x000000001b300800 Uncommon trap: reason=unstable_if action=reinterpret pc=0x00000000033b2740 method=org.gradle.internal.snapshot.PathUtil.equalChars(CCLorg/gradle/internal/snapshot/CaseSensitivity;)Z @ 11
Event: 18.018 Thread 0x0000000018d26000 Uncommon trap: reason=bimorphic action=maybe_recompile pc=0x00000000038f3efc method=java.util.Arrays.binarySearch0([Ljava/lang/Object;IILjava/lang/Object;Ljava/util/Comparator;)I @ 48
Event: 18.018 Thread 0x0000000018d26000 Uncommon trap: reason=bimorphic action=maybe_recompile pc=0x00000000038f3efc method=java.util.Arrays.binarySearch0([Ljava/lang/Object;IILjava/lang/Object;Ljava/util/Comparator;)I @ 48
Event: 18.079 Thread 0x000000001a7cf800 Uncommon trap: reason=class_check action=maybe_recompile pc=0x0000000003cce914 method=java.util.Collections$SetFromMap.remove(Ljava/lang/Object;)Z @ 5
Event: 18.081 Thread 0x000000001a7cd800 Uncommon trap: reason=class_check action=maybe_recompile pc=0x0000000003cce914 method=java.util.Collections$SetFromMap.remove(Ljava/lang/Object;)Z @ 5
Event: 18.082 Thread 0x000000001b300800 Uncommon trap: reason=class_check action=maybe_recompile pc=0x0000000003cce914 method=java.util.Collections$SetFromMap.remove(Ljava/lang/Object;)Z @ 5
Event: 18.110 Thread 0x000000001a7cd800 Uncommon trap: reason=class_check action=maybe_recompile pc=0x0000000003cce914 method=java.util.Collections$SetFromMap.remove(Ljava/lang/Object;)Z @ 5

Classes redefined (0 events):
No events

Internal exceptions (10 events):
Event: 15.492 Thread 0x000000001b300800 Exception <a 'java/lang/NoSuchMethodError': java.lang.Object.lambda$comparingInt$7b0bb60$1(Ljava/util/function/ToIntFunction;Ljava/lang/Object;Ljava/lang/Object;)I> (0x00000000da02d1d0) thrown at [C:\src\AOSP-openjdk-git\hotspot\src\share\vm\interpreter\l
Event: 16.086 Thread 0x000000001b300800 Exception <a 'java/lang/ClassNotFoundException': com/android/build/gradle/internal/api/ApkVariantOutputImpl_DecoratedBeanInfo> (0x00000000db74a5c8) thrown at [C:\src\AOSP-openjdk-git\hotspot\src\share\vm\classfile\systemDictionary.cpp, line 210]
Event: 16.086 Thread 0x000000001b300800 Exception <a 'java/lang/ClassNotFoundException': com/android/build/gradle/internal/api/ApkVariantOutputImplBeanInfo> (0x00000000db767618) thrown at [C:\src\AOSP-openjdk-git\hotspot\src\share\vm\classfile\systemDictionary.cpp, line 210]
Event: 16.087 Thread 0x000000001b300800 Exception <a 'java/lang/ClassNotFoundException': com/android/build/gradle/internal/api/BaseVariantOutputImplBeanInfo> (0x00000000db785ab0) thrown at [C:\src\AOSP-openjdk-git\hotspot\src\share\vm\classfile\systemDictionary.cpp, line 210]
Event: 16.087 Thread 0x000000001b300800 Exception <a 'java/lang/ClassNotFoundException': com/android/build/gradle/internal/api/BaseVariantOutputImplCustomizer> (0x00000000db7a4430) thrown at [C:\src\AOSP-openjdk-git\hotspot\src\share\vm\classfile\systemDictionary.cpp, line 210]
Event: 16.088 Thread 0x000000001b300800 Exception <a 'java/lang/ClassNotFoundException': com/android/build/gradle/internal/api/ApkVariantOutputImplCustomizer> (0x00000000db7dc9e0) thrown at [C:\src\AOSP-openjdk-git\hotspot\src\share\vm\classfile\systemDictionary.cpp, line 210]
Event: 16.089 Thread 0x000000001b300800 Exception <a 'java/lang/ClassNotFoundException': com/android/build/gradle/internal/api/ApkVariantOutputImpl_DecoratedCustomizer> (0x00000000db810550) thrown at [C:\src\AOSP-openjdk-git\hotspot\src\share\vm\classfile\systemDictionary.cpp, line 210]
Event: 16.543 Thread 0x000000001b300800 Exception <a 'java/lang/ClassNotFoundException': com/sun/org/glassfish/hk2/osgiresourcelocator/ServiceLoader> (0x00000000d63cfc18) thrown at [C:\src\AOSP-openjdk-git\hotspot\src\share\vm\classfile\systemDictionary.cpp, line 210]
Event: 16.626 Thread 0x000000001b300800 Exception <a 'java/lang/NullPointerException'> (0x00000000d6823b58) thrown at [C:\src\AOSP-openjdk-git\hotspot\src\share\vm\interpreter\linkResolver.cpp, line 1287]
Event: 17.965 Thread 0x000000001b300800 Exception <a 'java/lang/NoSuchMethodError': java.lang.Object.lambda$identity$2(Ljava/lang/Object;)Ljava/lang/Object;> (0x00000000d7e1bc80) thrown at [C:\src\AOSP-openjdk-git\hotspot\src\share\vm\interpreter\linkResolver.cpp, line 620]

Events (10 events):
Event: 18.178 Thread 0x000000001a7cf000 DEOPT PACKING pc=0x00000000033d1a64 sp=0x0000000024d2c5c0
Event: 18.178 Thread 0x000000001a7cf000 DEOPT UNPACKING pc=0x0000000002de75d0 sp=0x0000000024d2c478 mode 0
Event: 18.192 loading class com/google/common/cache/RemovalNotification
Event: 18.192 loading class com/google/common/cache/RemovalNotification done
Event: 18.193 Executing VM operation: Deoptimize
Event: 18.193 Executing VM operation: Deoptimize done
Event: 18.195 Executing VM operation: RevokeBias
Event: 18.195 Executing VM operation: RevokeBias done
Event: 18.210 Executing VM operation: RevokeBias
Event: 18.210 Executing VM operation: RevokeBias done


Dynamic libraries:
0x00007ff7e86d0000 - 0x00007ff7e8701000 	D:\Android Studio\jre\bin\java.exe
0x00007ffe64900000 - 0x00007ffe64af0000 	C:\WINDOWS\SYSTEM32\ntdll.dll
0x00007ffe63df0000 - 0x00007ffe63ea2000 	C:\WINDOWS\System32\KERNEL32.DLL
0x00007ffe61e00000 - 0x00007ffe620a5000 	C:\WINDOWS\System32\KERNELBASE.dll
0x00007ffe64810000 - 0x00007ffe648b3000 	C:\WINDOWS\System32\ADVAPI32.dll
0x00007ffe640c0000 - 0x00007ffe6415e000 	C:\WINDOWS\System32\msvcrt.dll
0x00007ffe63ca0000 - 0x00007ffe63d37000 	C:\WINDOWS\System32\sechost.dll
0x00007ffe63010000 - 0x00007ffe6312f000 	C:\WINDOWS\System32\RPCRT4.dll
0x00007ffe63b00000 - 0x00007ffe63c94000 	C:\WINDOWS\System32\USER32.dll
0x00007ffe62910000 - 0x00007ffe62931000 	C:\WINDOWS\System32\win32u.dll
0x00007ffe64440000 - 0x00007ffe64466000 	C:\WINDOWS\System32\GDI32.dll
0x00007ffe61910000 - 0x00007ffe61aa8000 	C:\WINDOWS\System32\gdi32full.dll
0x00007ffe61d60000 - 0x00007ffe61dfe000 	C:\WINDOWS\System32\msvcp_win.dll
0x00007ffe61b10000 - 0x00007ffe61c0a000 	C:\WINDOWS\System32\ucrtbase.dll
0x00007ffe49410000 - 0x00007ffe49694000 	C:\WINDOWS\WinSxS\amd64_microsoft.windows.common-controls_6595b64144ccf1df_6.0.18362.1379_none_9e7ff3b3e45cc0c4\COMCTL32.dll
0x00007ffe644d0000 - 0x00007ffe64807000 	C:\WINDOWS\System32\combase.dll
0x00007ffe61880000 - 0x00007ffe61901000 	C:\WINDOWS\System32\bcryptPrimitives.dll
0x00007ffe63130000 - 0x00007ffe6315e000 	C:\WINDOWS\System32\IMM32.DLL
0x00000000638f0000 - 0x00000000639c2000 	D:\Android Studio\jre\jre\bin\msvcr100.dll
0x00000000639d0000 - 0x000000006421b000 	D:\Android Studio\jre\jre\bin\server\jvm.dll
0x00007ffe62b80000 - 0x00007ffe62b88000 	C:\WINDOWS\System32\PSAPI.DLL
0x00007ffe5ef20000 - 0x00007ffe5ef44000 	C:\WINDOWS\SYSTEM32\WINMM.dll
0x00007ffe53270000 - 0x00007ffe5327a000 	C:\WINDOWS\SYSTEM32\VERSION.dll
0x00007ffe44b70000 - 0x00007ffe44b79000 	C:\WINDOWS\SYSTEM32\WSOCK32.dll
0x00007ffe64050000 - 0x00007ffe640bf000 	C:\WINDOWS\System32\WS2_32.dll
0x00007ffe5eef0000 - 0x00007ffe5ef1d000 	C:\WINDOWS\SYSTEM32\winmmbase.dll
0x00007ffe62940000 - 0x00007ffe6298a000 	C:\WINDOWS\System32\cfgmgr32.dll
0x00007ffe5e570000 - 0x00007ffe5e57f000 	D:\Android Studio\jre\jre\bin\verify.dll
0x00007ffe3a790000 - 0x00007ffe3a7b9000 	D:\Android Studio\jre\jre\bin\java.dll
0x00007ffe3db50000 - 0x00007ffe3db66000 	D:\Android Studio\jre\jre\bin\zip.dll
0x00007ffe63320000 - 0x00007ffe63a08000 	C:\WINDOWS\System32\SHELL32.dll
0x00007ffe63d40000 - 0x00007ffe63de7000 	C:\WINDOWS\System32\shcore.dll
0x00007ffe620b0000 - 0x00007ffe6282b000 	C:\WINDOWS\System32\windows.storage.dll
0x00007ffe617c0000 - 0x00007ffe617e3000 	C:\WINDOWS\System32\profapi.dll
0x00007ffe617f0000 - 0x00007ffe6183a000 	C:\WINDOWS\System32\powrprof.dll
0x00007ffe617b0000 - 0x00007ffe617c0000 	C:\WINDOWS\System32\UMPDC.dll
0x00007ffe642c0000 - 0x00007ffe64312000 	C:\WINDOWS\System32\shlwapi.dll
0x00007ffe61840000 - 0x00007ffe61851000 	C:\WINDOWS\System32\kernel.appcore.dll
0x00007ffe62990000 - 0x00007ffe629a7000 	C:\WINDOWS\System32\cryptsp.dll
0x00007ffe38b60000 - 0x00007ffe38b7a000 	D:\Android Studio\jre\jre\bin\net.dll
0x00007ffe60ff0000 - 0x00007ffe61057000 	C:\WINDOWS\system32\mswsock.dll
0x00007ffe384c0000 - 0x00007ffe384d3000 	D:\Android Studio\jre\jre\bin\nio.dll
0x00007ffe369d0000 - 0x00007ffe369f6000 	C:\Users\Ace\.gradle\native\31\windows-amd64\native-platform.dll
0x00007ffe5d7f0000 - 0x00007ffe5d7fd000 	D:\Android Studio\jre\jre\bin\management.dll
0x00007ffe60b10000 - 0x00007ffe60b43000 	C:\WINDOWS\system32\rsaenh.dll
0x00007ffe628e0000 - 0x00007ffe62906000 	C:\WINDOWS\System32\bcrypt.dll
0x00007ffe616d0000 - 0x00007ffe616f5000 	C:\WINDOWS\SYSTEM32\USERENV.dll
0x00007ffe611c0000 - 0x00007ffe611cc000 	C:\WINDOWS\SYSTEM32\CRYPTBASE.dll
0x00007ffe60d00000 - 0x00007ffe60d3a000 	C:\WINDOWS\SYSTEM32\IPHLPAPI.DLL
0x00007ffe63000000 - 0x00007ffe63008000 	C:\WINDOWS\System32\NSI.dll
0x00007ffe59330000 - 0x00007ffe59346000 	C:\WINDOWS\SYSTEM32\dhcpcsvc6.DLL
0x00007ffe59310000 - 0x00007ffe5932c000 	C:\WINDOWS\SYSTEM32\dhcpcsvc.DLL
0x00007ffe60d40000 - 0x00007ffe60e0b000 	C:\WINDOWS\SYSTEM32\DNSAPI.dll

VM Arguments:
jvm_args: -Xmx2048m -Dfile.encoding=x-windows-949 -Duser.country=KR -Duser.language=ko -Duser.variant 
java_command: org.gradle.launcher.daemon.bootstrap.GradleDaemon 6.1.1
java_class_path (initial): C:\Users\Ace\.gradle\wrapper\dists\gradle-6.1.1-all\cfmwm155h49vnt3hynmlrsdst\gradle-6.1.1\lib\gradle-launcher-6.1.1.jar
Launcher Type: SUN_STANDARD

Environment Variables:
JAVA_HOME=D:\openjdk-12_windows-x64_bin\jdk-12
PATH=C:\Users\Ace\AppData\Local\Programs\Python\Python39\Scripts\;C:\Users\Ace\AppData\Local\Programs\Python\Python39\;D:\Java\javapath;C:\Program Files (x86)\Intel\iCLS Client\;C:\Program Files\Intel\iCLS Client\;C:\WINDOWS\system32;C:\WINDOWS;C:\WINDOWS\System32\Wbem;C:\WINDOWS\System32\WindowsPowerShell\v1.0\;C:\Program Files (x86)\Intel\Intel(R) Management Engine Components\DAL;C:\Program Files\Intel\Intel(R) Management Engine Components\DAL;C:\Program Files (x86)\Intel\Intel(R) Management Engine Components\IPT;C:\Program Files\Intel\Intel(R) Management Engine Components\IPT;C:\Program Files\Intel\WiFi\bin\;C:\Program Files\Common Files\Intel\WirelessCommon\;C:\WINDOWS\System32\OpenSSH\;D:\openjdk-12_windows-x64_bin\jdk-12\bin;.;D:\Git\cmd;D:\Anaconda;D:\Anaconda\envs\EV_PY37\Tools;D:\nodejs\;C:\ProgramData\chocolatey\bin;D:\openjdk-12_windows-x64_bin\jdk-12\bin;C:\Users\Ace\AppData\Local\Microsoft\WindowsApps;C:\Program Files\Intel\WiFi\bin\;C:\Program Files\Common Files\Intel\WirelessCommon\;C:\Program Files\JetBrains\PyCharm Community Edition 2019.1.1\bin;C:\Users\Ace\AppData\Local\Microsoft\WindowsApps;D:\iverilog\bin;D:\Java\jdk1.8.0_241\bin;C:\Users\Ace\AppData\Local\GitHubDesktop\bin;D:\JetBrains\PyCharm Community Edition 2020.3.2\bin;;D:\Microsoft VS Code\bin;C:\Users\Ace\AppData\Roaming\npm;D:\JetBrains\IntelliJ IDEA 2021.2\bin;
USERNAME=Ace
OS=Windows_NT
PROCESSOR_IDENTIFIER=Intel64 Family 6 Model 142 Stepping 10, GenuineIntel



---------------  S Y S T E M  ---------------

OS: Windows 10.0 , 64 bit Build 18362 (10.0.18362.1350)

CPU:total 4 (initial active 4) (2 cores per cpu, 2 threads per core) family 6 model 142 stepping 10, cmov, cx8, fxsr, mmx, sse, sse2, sse3, ssse3, sse4.1, sse4.2, popcnt, avx, avx2, aes, clmul, erms, 3dnowpref, lzcnt, ht, tsc, tscinvbit, bmi1, bmi2, adx

Memory: 4k page, physical 8218384k(1247564k free), swap 10912640k(4176k free)

vm_info: OpenJDK 64-Bit Server VM (25.242-b01) for windows-amd64 JRE (1.8.0_242-release-1644-b01), built by "builder" with MS VC++ 10.0 (VS2010)

time: Wed Aug 11 21:32:54 2021
timezone: 대한민국 표준시
elapsed time: 18 seconds (0d 0h 0m 18s)

